V |                      | ArgumentsFromParametersFile.OnBuildCreated (150)
V |                      | HandleReSharperSurrogateArguments.OnBuildCreated (150)
V |                      | InjectParameterValues.OnBuildCreated (100)
V |                      | HandleShellCompletion.OnBuildCreated (75)
V |                      | GenerateBuildServerConfigurations.OnBuildCreated (50)
V |                      | InvokeBuildServerConfigurationGeneration.OnBuildCreated (45)
V |                      | UpdateNotification.OnBuildCreated (10)
V |                      | UnsetVisualStudioEnvironmentVariables.OnBuildCreated (0)
V |                      | HandleVisualStudioDebugging.OnBuildCreated (0)
V |                      | EventInvoker.OnBuildCreated (-3.4028235E+38)
V |                      | HandlePlanRequests.OnBuildInitialized (10)
V |                      | HandleHelpRequests.OnBuildInitialized (5)
V |                      | Telemetry.OnBuildInitialized (0)
V |                      | Sending BuildStarted telemetry event ...
V |                      |   build_components         = 
V |                      |   build_type               = Project
V |                      |   compile_time             = 6
V |                      |   config_generators        = 
V |                      |   host                     = VSCode
V |                      |   num_custom_components    = 0
V |                      |   num_custom_extensions    = 0
V |                      |   num_partitioned_targets  = 0
V |                      |   num_secrets              = 0
V |                      |   num_targets              = 4
V |                      |   os_architecture          = X64
V |                      |   os_platform              = Linux
V |                      |   target_framework         = .NETCoreApp,Version=v8.0
V |                      |   version_dotnet_sdk       = 8.0.108
V |                      |   version_nuke_common      = 8.1.0
V |                      |   version_nuke_global_tool = 8.1.0
V |                      | InjectNonParameterValues.OnBuildInitialized (-100)
V |                      | EventInvoker.OnBuildInitialized (-3.4028235E+38)
V | Clean                | EventInvoker.OnTargetRunning (-3.4028235E+38)
I | Clean                | > /usr/bin/dotnet clean /home/marlon/my-projects/dotNet/solution/GamesApiProject.sln
V | Clean                | @ /home/marlon/my-projects/dotNet/solution
D | Clean                | MSBuild version 17.8.5+b5265ef37 for .NET
D | Clean                | Build started 9/27/2024 10:04:00 AM.
D | Clean                |      1>Project "/home/marlon/my-projects/dotNet/solution/GamesApiProject.sln" on node 1 (Clean target(s)).
D | Clean                |      1>ValidateSolutionConfiguration:
D | Clean                |          Building solution configuration "Debug|Any CPU".
D | Clean                |        ValidateProjects:
D | Clean                |          The project "games-api-project" is not selected for building in solution configuration "Debug|Any CPU".
D | Clean                |      1>Project "/home/marlon/my-projects/dotNet/solution/GamesApiProject.sln" (1) is building "/home/marlon/my-projects/dotNet/solution/games-api.Tests/games-api.Tests.csproj" (2) on node 1 (Clean target(s)).
D | Clean                |      2>CoreClean:
D | Clean                |          Deleting file "/home/marlon/my-projects/dotNet/solution/games-api.Tests/bin/Debug/net8.0/CoverletSourceRootsMapping_games-api.Tests".
D | Clean                |          Deleting file "/home/marlon/my-projects/dotNet/solution/games-api.Tests/bin/Debug/net8.0/games-api.deps.json".
D | Clean                |          Deleting file "/home/marlon/my-projects/dotNet/solution/games-api.Tests/bin/Debug/net8.0/games-api.runtimeconfig.json".
D | Clean                |          Deleting file "/home/marlon/my-projects/dotNet/solution/games-api.Tests/bin/Debug/net8.0/publish/web.config".
D | Clean                |          Deleting file "/home/marlon/my-projects/dotNet/solution/games-api.Tests/bin/Debug/net8.0/appsettings.Development.json".
D | Clean                |          Deleting file "/home/marlon/my-projects/dotNet/solution/games-api.Tests/bin/Debug/net8.0/appsettings.json".
D | Clean                |          Deleting file "/home/marlon/my-projects/dotNet/solution/games-api.Tests/bin/Debug/net8.0/publish/appsettings.Development.json".
D | Clean                |          Deleting file "/home/marlon/my-projects/dotNet/solution/games-api.Tests/bin/Debug/net8.0/publish/appsettings.json".
D | Clean                |          Deleting file "/home/marlon/my-projects/dotNet/solution/games-api.Tests/bin/Debug/net8.0/publish/games-api.deps.json".
D | Clean                |          Deleting file "/home/marlon/my-projects/dotNet/solution/games-api.Tests/bin/Debug/net8.0/publish/games-api.runtimeconfig.json".
D | Clean                |          Deleting file "/home/marlon/my-projects/dotNet/solution/games-api.Tests/bin/Debug/net8.0/games-api".
D | Clean                |          Deleting file "/home/marlon/my-projects/dotNet/solution/games-api.Tests/bin/Debug/net8.0/xunit.runner.visualstudio.dotnetcore.testadapter.dll".
D | Clean                |          Deleting file "/home/marlon/my-projects/dotNet/solution/games-api.Tests/bin/Debug/net8.0/xunit.runner.reporters.netcoreapp10.dll".
D | Clean                |          Deleting file "/home/marlon/my-projects/dotNet/solution/games-api.Tests/bin/Debug/net8.0/xunit.runner.utility.netcoreapp10.dll".
D | Clean                |          Deleting file "/home/marlon/my-projects/dotNet/solution/games-api.Tests/bin/Debug/net8.0/games-api.Tests.deps.json".
D | Clean                |          Deleting file "/home/marlon/my-projects/dotNet/solution/games-api.Tests/bin/Debug/net8.0/games-api.Tests.runtimeconfig.json".
D | Clean                |          Deleting file "/home/marlon/my-projects/dotNet/solution/games-api.Tests/bin/Debug/net8.0/games-api.Tests.dll".
D | Clean                |          Deleting file "/home/marlon/my-projects/dotNet/solution/games-api.Tests/bin/Debug/net8.0/games-api.Tests.pdb".
D | Clean                |          Deleting file "/home/marlon/my-projects/dotNet/solution/games-api.Tests/bin/Debug/net8.0/Aspire.Npgsql.EntityFrameworkCore.PostgreSQL.dll".
D | Clean                |          Deleting file "/home/marlon/my-projects/dotNet/solution/games-api.Tests/bin/Debug/net8.0/BCrypt.Net-Next.dll".
D | Clean                |          Deleting file "/home/marlon/my-projects/dotNet/solution/games-api.Tests/bin/Debug/net8.0/Microsoft.AspNetCore.Authentication.JwtBearer.dll".
D | Clean                |          Deleting file "/home/marlon/my-projects/dotNet/solution/games-api.Tests/bin/Debug/net8.0/Microsoft.AspNetCore.OpenApi.dll".
D | Clean                |          Deleting file "/home/marlon/my-projects/dotNet/solution/games-api.Tests/bin/Debug/net8.0/Microsoft.VisualStudio.CodeCoverage.Shim.dll".
D | Clean                |          Deleting file "/home/marlon/my-projects/dotNet/solution/games-api.Tests/bin/Debug/net8.0/Microsoft.Data.Sqlite.dll".
D | Clean                |          Deleting file "/home/marlon/my-projects/dotNet/solution/games-api.Tests/bin/Debug/net8.0/Microsoft.EntityFrameworkCore.dll".
D | Clean                |          Deleting file "/home/marlon/my-projects/dotNet/solution/games-api.Tests/bin/Debug/net8.0/Microsoft.EntityFrameworkCore.Abstractions.dll".
D | Clean                |          Deleting file "/home/marlon/my-projects/dotNet/solution/games-api.Tests/bin/Debug/net8.0/Microsoft.EntityFrameworkCore.Relational.dll".
D | Clean                |          Deleting file "/home/marlon/my-projects/dotNet/solution/games-api.Tests/bin/Debug/net8.0/Microsoft.EntityFrameworkCore.Sqlite.dll".
D | Clean                |          Deleting file "/home/marlon/my-projects/dotNet/solution/games-api.Tests/bin/Debug/net8.0/Microsoft.Extensions.Configuration.Binder.dll".
D | Clean                |          Deleting file "/home/marlon/my-projects/dotNet/solution/games-api.Tests/bin/Debug/net8.0/Microsoft.Extensions.DependencyInjection.Abstractions.dll".
D | Clean                |          Deleting file "/home/marlon/my-projects/dotNet/solution/games-api.Tests/bin/Debug/net8.0/Microsoft.Extensions.DependencyModel.dll".
D | Clean                |          Deleting file "/home/marlon/my-projects/dotNet/solution/games-api.Tests/bin/Debug/net8.0/Microsoft.Extensions.Diagnostics.HealthChecks.dll".
D | Clean                |          Deleting file "/home/marlon/my-projects/dotNet/solution/games-api.Tests/bin/Debug/net8.0/Microsoft.Extensions.Diagnostics.HealthChecks.Abstractions.dll".
D | Clean                |          Deleting file "/home/marlon/my-projects/dotNet/solution/games-api.Tests/bin/Debug/net8.0/Microsoft.Extensions.Diagnostics.HealthChecks.EntityFrameworkCore.dll".
D | Clean                |          Deleting file "/home/marlon/my-projects/dotNet/solution/games-api.Tests/bin/Debug/net8.0/Microsoft.Extensions.Logging.Abstractions.dll".
D | Clean                |          Deleting file "/home/marlon/my-projects/dotNet/solution/games-api.Tests/bin/Debug/net8.0/Microsoft.Extensions.Options.dll".
D | Clean                |          Deleting file "/home/marlon/my-projects/dotNet/solution/games-api.Tests/bin/Debug/net8.0/Microsoft.IdentityModel.Abstractions.dll".
D | Clean                |          Deleting file "/home/marlon/my-projects/dotNet/solution/games-api.Tests/bin/Debug/net8.0/Microsoft.IdentityModel.JsonWebTokens.dll".
D | Clean                |          Deleting file "/home/marlon/my-projects/dotNet/solution/games-api.Tests/bin/Debug/net8.0/Microsoft.IdentityModel.Logging.dll".
D | Clean                |          Deleting file "/home/marlon/my-projects/dotNet/solution/games-api.Tests/bin/Debug/net8.0/Microsoft.IdentityModel.Protocols.dll".
D | Clean                |          Deleting file "/home/marlon/my-projects/dotNet/solution/games-api.Tests/bin/Debug/net8.0/Microsoft.IdentityModel.Protocols.OpenIdConnect.dll".
D | Clean                |          Deleting file "/home/marlon/my-projects/dotNet/solution/games-api.Tests/bin/Debug/net8.0/Microsoft.IdentityModel.Tokens.dll".
D | Clean                |          Deleting file "/home/marlon/my-projects/dotNet/solution/games-api.Tests/bin/Debug/net8.0/Microsoft.OpenApi.dll".
D | Clean                |          Deleting file "/home/marlon/my-projects/dotNet/solution/games-api.Tests/bin/Debug/net8.0/Microsoft.TestPlatform.CoreUtilities.dll".
D | Clean                |          Deleting file "/home/marlon/my-projects/dotNet/solution/games-api.Tests/bin/Debug/net8.0/Microsoft.TestPlatform.PlatformAbstractions.dll".
D | Clean                |          Deleting file "/home/marlon/my-projects/dotNet/solution/games-api.Tests/bin/Debug/net8.0/Microsoft.VisualStudio.TestPlatform.ObjectModel.dll".
D | Clean                |          Deleting file "/home/marlon/my-projects/dotNet/solution/games-api.Tests/bin/Debug/net8.0/Microsoft.TestPlatform.CommunicationUtilities.dll".
D | Clean                |          Deleting file "/home/marlon/my-projects/dotNet/solution/games-api.Tests/bin/Debug/net8.0/Microsoft.TestPlatform.CrossPlatEngine.dll".
D | Clean                |          Deleting file "/home/marlon/my-projects/dotNet/solution/games-api.Tests/bin/Debug/net8.0/Microsoft.TestPlatform.Utilities.dll".
D | Clean                |          Deleting file "/home/marlon/my-projects/dotNet/solution/games-api.Tests/bin/Debug/net8.0/Microsoft.VisualStudio.TestPlatform.Common.dll".
D | Clean                |          Deleting file "/home/marlon/my-projects/dotNet/solution/games-api.Tests/bin/Debug/net8.0/testhost.dll".
D | Clean                |          Deleting file "/home/marlon/my-projects/dotNet/solution/games-api.Tests/bin/Debug/net8.0/Newtonsoft.Json.dll".
D | Clean                |          Deleting file "/home/marlon/my-projects/dotNet/solution/games-api.Tests/bin/Debug/net8.0/Npgsql.dll".
D | Clean                |          Deleting file "/home/marlon/my-projects/dotNet/solution/games-api.Tests/bin/Debug/net8.0/Npgsql.DependencyInjection.dll".
D | Clean                |          Deleting file "/home/marlon/my-projects/dotNet/solution/games-api.Tests/bin/Debug/net8.0/Npgsql.EntityFrameworkCore.PostgreSQL.dll".
D | Clean                |          Deleting file "/home/marlon/my-projects/dotNet/solution/games-api.Tests/bin/Debug/net8.0/Npgsql.OpenTelemetry.dll".
D | Clean                |          Deleting file "/home/marlon/my-projects/dotNet/solution/games-api.Tests/bin/Debug/net8.0/NuGet.Frameworks.dll".
D | Clean                |          Deleting file "/home/marlon/my-projects/dotNet/solution/games-api.Tests/bin/Debug/net8.0/OpenTelemetry.dll".
D | Clean                |          Deleting file "/home/marlon/my-projects/dotNet/solution/games-api.Tests/bin/Debug/net8.0/OpenTelemetry.Api.dll".
D | Clean                |          Deleting file "/home/marlon/my-projects/dotNet/solution/games-api.Tests/bin/Debug/net8.0/OpenTelemetry.Api.ProviderBuilderExtensions.dll".
D | Clean                |          Deleting file "/home/marlon/my-projects/dotNet/solution/games-api.Tests/bin/Debug/net8.0/OpenTelemetry.Extensions.Hosting.dll".
D | Clean                |          Deleting file "/home/marlon/my-projects/dotNet/solution/games-api.Tests/bin/Debug/net8.0/SQLitePCLRaw.batteries_v2.dll".
D | Clean                |          Deleting file "/home/marlon/my-projects/dotNet/solution/games-api.Tests/bin/Debug/net8.0/SQLitePCLRaw.core.dll".
D | Clean                |          Deleting file "/home/marlon/my-projects/dotNet/solution/games-api.Tests/bin/Debug/net8.0/SQLitePCLRaw.provider.e_sqlite3.dll".
D | Clean                |          Deleting file "/home/marlon/my-projects/dotNet/solution/games-api.Tests/bin/Debug/net8.0/Swashbuckle.AspNetCore.Swagger.dll".
D | Clean                |          Deleting file "/home/marlon/my-projects/dotNet/solution/games-api.Tests/bin/Debug/net8.0/Swashbuckle.AspNetCore.SwaggerGen.dll".
D | Clean                |          Deleting file "/home/marlon/my-projects/dotNet/solution/games-api.Tests/bin/Debug/net8.0/Swashbuckle.AspNetCore.SwaggerUI.dll".
D | Clean                |          Deleting file "/home/marlon/my-projects/dotNet/solution/games-api.Tests/bin/Debug/net8.0/System.IdentityModel.Tokens.Jwt.dll".
D | Clean                |          Deleting file "/home/marlon/my-projects/dotNet/solution/games-api.Tests/bin/Debug/net8.0/xunit.abstractions.dll".
D | Clean                |          Deleting file "/home/marlon/my-projects/dotNet/solution/games-api.Tests/bin/Debug/net8.0/xunit.assert.dll".
D | Clean                |          Deleting file "/home/marlon/my-projects/dotNet/solution/games-api.Tests/bin/Debug/net8.0/xunit.core.dll".
D | Clean                |          Deleting file "/home/marlon/my-projects/dotNet/solution/games-api.Tests/bin/Debug/net8.0/xunit.execution.dotnet.dll".
D | Clean                |          Deleting file "/home/marlon/my-projects/dotNet/solution/games-api.Tests/bin/Debug/net8.0/cs/Microsoft.TestPlatform.CoreUtilities.resources.dll".
D | Clean                |          Deleting file "/home/marlon/my-projects/dotNet/solution/games-api.Tests/bin/Debug/net8.0/cs/Microsoft.VisualStudio.TestPlatform.ObjectModel.resources.dll".
D | Clean                |          Deleting file "/home/marlon/my-projects/dotNet/solution/games-api.Tests/bin/Debug/net8.0/de/Microsoft.TestPlatform.CoreUtilities.resources.dll".
D | Clean                |          Deleting file "/home/marlon/my-projects/dotNet/solution/games-api.Tests/bin/Debug/net8.0/de/Microsoft.VisualStudio.TestPlatform.ObjectModel.resources.dll".
D | Clean                |          Deleting file "/home/marlon/my-projects/dotNet/solution/games-api.Tests/bin/Debug/net8.0/es/Microsoft.TestPlatform.CoreUtilities.resources.dll".
D | Clean                |          Deleting file "/home/marlon/my-projects/dotNet/solution/games-api.Tests/bin/Debug/net8.0/es/Microsoft.VisualStudio.TestPlatform.ObjectModel.resources.dll".
D | Clean                |          Deleting file "/home/marlon/my-projects/dotNet/solution/games-api.Tests/bin/Debug/net8.0/fr/Microsoft.TestPlatform.CoreUtilities.resources.dll".
D | Clean                |          Deleting file "/home/marlon/my-projects/dotNet/solution/games-api.Tests/bin/Debug/net8.0/fr/Microsoft.VisualStudio.TestPlatform.ObjectModel.resources.dll".
D | Clean                |          Deleting file "/home/marlon/my-projects/dotNet/solution/games-api.Tests/bin/Debug/net8.0/it/Microsoft.TestPlatform.CoreUtilities.resources.dll".
D | Clean                |          Deleting file "/home/marlon/my-projects/dotNet/solution/games-api.Tests/bin/Debug/net8.0/it/Microsoft.VisualStudio.TestPlatform.ObjectModel.resources.dll".
D | Clean                |          Deleting file "/home/marlon/my-projects/dotNet/solution/games-api.Tests/bin/Debug/net8.0/ja/Microsoft.TestPlatform.CoreUtilities.resources.dll".
D | Clean                |          Deleting file "/home/marlon/my-projects/dotNet/solution/games-api.Tests/bin/Debug/net8.0/ja/Microsoft.VisualStudio.TestPlatform.ObjectModel.resources.dll".
D | Clean                |          Deleting file "/home/marlon/my-projects/dotNet/solution/games-api.Tests/bin/Debug/net8.0/ko/Microsoft.TestPlatform.CoreUtilities.resources.dll".
D | Clean                |          Deleting file "/home/marlon/my-projects/dotNet/solution/games-api.Tests/bin/Debug/net8.0/ko/Microsoft.VisualStudio.TestPlatform.ObjectModel.resources.dll".
D | Clean                |          Deleting file "/home/marlon/my-projects/dotNet/solution/games-api.Tests/bin/Debug/net8.0/pl/Microsoft.TestPlatform.CoreUtilities.resources.dll".
D | Clean                |          Deleting file "/home/marlon/my-projects/dotNet/solution/games-api.Tests/bin/Debug/net8.0/pl/Microsoft.VisualStudio.TestPlatform.ObjectModel.resources.dll".
D | Clean                |          Deleting file "/home/marlon/my-projects/dotNet/solution/games-api.Tests/bin/Debug/net8.0/pt-BR/Microsoft.TestPlatform.CoreUtilities.resources.dll".
D | Clean                |          Deleting file "/home/marlon/my-projects/dotNet/solution/games-api.Tests/bin/Debug/net8.0/pt-BR/Microsoft.VisualStudio.TestPlatform.ObjectModel.resources.dll".
D | Clean                |          Deleting file "/home/marlon/my-projects/dotNet/solution/games-api.Tests/bin/Debug/net8.0/ru/Microsoft.TestPlatform.CoreUtilities.resources.dll".
D | Clean                |          Deleting file "/home/marlon/my-projects/dotNet/solution/games-api.Tests/bin/Debug/net8.0/ru/Microsoft.VisualStudio.TestPlatform.ObjectModel.resources.dll".
D | Clean                |          Deleting file "/home/marlon/my-projects/dotNet/solution/games-api.Tests/bin/Debug/net8.0/tr/Microsoft.TestPlatform.CoreUtilities.resources.dll".
D | Clean                |          Deleting file "/home/marlon/my-projects/dotNet/solution/games-api.Tests/bin/Debug/net8.0/tr/Microsoft.VisualStudio.TestPlatform.ObjectModel.resources.dll".
D | Clean                |          Deleting file "/home/marlon/my-projects/dotNet/solution/games-api.Tests/bin/Debug/net8.0/zh-Hans/Microsoft.TestPlatform.CoreUtilities.resources.dll".
D | Clean                |          Deleting file "/home/marlon/my-projects/dotNet/solution/games-api.Tests/bin/Debug/net8.0/zh-Hans/Microsoft.VisualStudio.TestPlatform.ObjectModel.resources.dll".
D | Clean                |          Deleting file "/home/marlon/my-projects/dotNet/solution/games-api.Tests/bin/Debug/net8.0/zh-Hant/Microsoft.TestPlatform.CoreUtilities.resources.dll".
D | Clean                |          Deleting file "/home/marlon/my-projects/dotNet/solution/games-api.Tests/bin/Debug/net8.0/zh-Hant/Microsoft.VisualStudio.TestPlatform.ObjectModel.resources.dll".
D | Clean                |          Deleting file "/home/marlon/my-projects/dotNet/solution/games-api.Tests/bin/Debug/net8.0/cs/Microsoft.TestPlatform.CommunicationUtilities.resources.dll".
D | Clean                |          Deleting file "/home/marlon/my-projects/dotNet/solution/games-api.Tests/bin/Debug/net8.0/cs/Microsoft.TestPlatform.CrossPlatEngine.resources.dll".
D | Clean                |          Deleting file "/home/marlon/my-projects/dotNet/solution/games-api.Tests/bin/Debug/net8.0/cs/Microsoft.VisualStudio.TestPlatform.Common.resources.dll".
D | Clean                |          Deleting file "/home/marlon/my-projects/dotNet/solution/games-api.Tests/bin/Debug/net8.0/de/Microsoft.TestPlatform.CommunicationUtilities.resources.dll".
D | Clean                |          Deleting file "/home/marlon/my-projects/dotNet/solution/games-api.Tests/bin/Debug/net8.0/de/Microsoft.TestPlatform.CrossPlatEngine.resources.dll".
D | Clean                |          Deleting file "/home/marlon/my-projects/dotNet/solution/games-api.Tests/bin/Debug/net8.0/de/Microsoft.VisualStudio.TestPlatform.Common.resources.dll".
D | Clean                |          Deleting file "/home/marlon/my-projects/dotNet/solution/games-api.Tests/bin/Debug/net8.0/es/Microsoft.TestPlatform.CommunicationUtilities.resources.dll".
D | Clean                |          Deleting file "/home/marlon/my-projects/dotNet/solution/games-api.Tests/bin/Debug/net8.0/es/Microsoft.TestPlatform.CrossPlatEngine.resources.dll".
D | Clean                |          Deleting file "/home/marlon/my-projects/dotNet/solution/games-api.Tests/bin/Debug/net8.0/es/Microsoft.VisualStudio.TestPlatform.Common.resources.dll".
D | Clean                |          Deleting file "/home/marlon/my-projects/dotNet/solution/games-api.Tests/bin/Debug/net8.0/fr/Microsoft.TestPlatform.CommunicationUtilities.resources.dll".
D | Clean                |          Deleting file "/home/marlon/my-projects/dotNet/solution/games-api.Tests/bin/Debug/net8.0/fr/Microsoft.TestPlatform.CrossPlatEngine.resources.dll".
D | Clean                |          Deleting file "/home/marlon/my-projects/dotNet/solution/games-api.Tests/bin/Debug/net8.0/fr/Microsoft.VisualStudio.TestPlatform.Common.resources.dll".
D | Clean                |          Deleting file "/home/marlon/my-projects/dotNet/solution/games-api.Tests/bin/Debug/net8.0/it/Microsoft.TestPlatform.CommunicationUtilities.resources.dll".
D | Clean                |          Deleting file "/home/marlon/my-projects/dotNet/solution/games-api.Tests/bin/Debug/net8.0/it/Microsoft.TestPlatform.CrossPlatEngine.resources.dll".
D | Clean                |          Deleting file "/home/marlon/my-projects/dotNet/solution/games-api.Tests/bin/Debug/net8.0/it/Microsoft.VisualStudio.TestPlatform.Common.resources.dll".
D | Clean                |          Deleting file "/home/marlon/my-projects/dotNet/solution/games-api.Tests/bin/Debug/net8.0/ja/Microsoft.TestPlatform.CommunicationUtilities.resources.dll".
D | Clean                |          Deleting file "/home/marlon/my-projects/dotNet/solution/games-api.Tests/bin/Debug/net8.0/ja/Microsoft.TestPlatform.CrossPlatEngine.resources.dll".
D | Clean                |          Deleting file "/home/marlon/my-projects/dotNet/solution/games-api.Tests/bin/Debug/net8.0/ja/Microsoft.VisualStudio.TestPlatform.Common.resources.dll".
D | Clean                |          Deleting file "/home/marlon/my-projects/dotNet/solution/games-api.Tests/bin/Debug/net8.0/ko/Microsoft.TestPlatform.CommunicationUtilities.resources.dll".
D | Clean                |          Deleting file "/home/marlon/my-projects/dotNet/solution/games-api.Tests/bin/Debug/net8.0/ko/Microsoft.TestPlatform.CrossPlatEngine.resources.dll".
D | Clean                |          Deleting file "/home/marlon/my-projects/dotNet/solution/games-api.Tests/bin/Debug/net8.0/ko/Microsoft.VisualStudio.TestPlatform.Common.resources.dll".
D | Clean                |          Deleting file "/home/marlon/my-projects/dotNet/solution/games-api.Tests/bin/Debug/net8.0/pl/Microsoft.TestPlatform.CommunicationUtilities.resources.dll".
D | Clean                |          Deleting file "/home/marlon/my-projects/dotNet/solution/games-api.Tests/bin/Debug/net8.0/pl/Microsoft.TestPlatform.CrossPlatEngine.resources.dll".
D | Clean                |          Deleting file "/home/marlon/my-projects/dotNet/solution/games-api.Tests/bin/Debug/net8.0/pl/Microsoft.VisualStudio.TestPlatform.Common.resources.dll".
D | Clean                |          Deleting file "/home/marlon/my-projects/dotNet/solution/games-api.Tests/bin/Debug/net8.0/pt-BR/Microsoft.TestPlatform.CommunicationUtilities.resources.dll".
D | Clean                |          Deleting file "/home/marlon/my-projects/dotNet/solution/games-api.Tests/bin/Debug/net8.0/pt-BR/Microsoft.TestPlatform.CrossPlatEngine.resources.dll".
D | Clean                |          Deleting file "/home/marlon/my-projects/dotNet/solution/games-api.Tests/bin/Debug/net8.0/pt-BR/Microsoft.VisualStudio.TestPlatform.Common.resources.dll".
D | Clean                |          Deleting file "/home/marlon/my-projects/dotNet/solution/games-api.Tests/bin/Debug/net8.0/ru/Microsoft.TestPlatform.CommunicationUtilities.resources.dll".
D | Clean                |          Deleting file "/home/marlon/my-projects/dotNet/solution/games-api.Tests/bin/Debug/net8.0/ru/Microsoft.TestPlatform.CrossPlatEngine.resources.dll".
D | Clean                |          Deleting file "/home/marlon/my-projects/dotNet/solution/games-api.Tests/bin/Debug/net8.0/ru/Microsoft.VisualStudio.TestPlatform.Common.resources.dll".
D | Clean                |          Deleting file "/home/marlon/my-projects/dotNet/solution/games-api.Tests/bin/Debug/net8.0/tr/Microsoft.TestPlatform.CommunicationUtilities.resources.dll".
D | Clean                |          Deleting file "/home/marlon/my-projects/dotNet/solution/games-api.Tests/bin/Debug/net8.0/tr/Microsoft.TestPlatform.CrossPlatEngine.resources.dll".
D | Clean                |          Deleting file "/home/marlon/my-projects/dotNet/solution/games-api.Tests/bin/Debug/net8.0/tr/Microsoft.VisualStudio.TestPlatform.Common.resources.dll".
D | Clean                |          Deleting file "/home/marlon/my-projects/dotNet/solution/games-api.Tests/bin/Debug/net8.0/zh-Hans/Microsoft.TestPlatform.CommunicationUtilities.resources.dll".
D | Clean                |          Deleting file "/home/marlon/my-projects/dotNet/solution/games-api.Tests/bin/Debug/net8.0/zh-Hans/Microsoft.TestPlatform.CrossPlatEngine.resources.dll".
D | Clean                |          Deleting file "/home/marlon/my-projects/dotNet/solution/games-api.Tests/bin/Debug/net8.0/zh-Hans/Microsoft.VisualStudio.TestPlatform.Common.resources.dll".
D | Clean                |          Deleting file "/home/marlon/my-projects/dotNet/solution/games-api.Tests/bin/Debug/net8.0/zh-Hant/Microsoft.TestPlatform.CommunicationUtilities.resources.dll".
D | Clean                |          Deleting file "/home/marlon/my-projects/dotNet/solution/games-api.Tests/bin/Debug/net8.0/zh-Hant/Microsoft.TestPlatform.CrossPlatEngine.resources.dll".
D | Clean                |          Deleting file "/home/marlon/my-projects/dotNet/solution/games-api.Tests/bin/Debug/net8.0/zh-Hant/Microsoft.VisualStudio.TestPlatform.Common.resources.dll".
D | Clean                |          Deleting file "/home/marlon/my-projects/dotNet/solution/games-api.Tests/bin/Debug/net8.0/runtimes/browser-wasm/nativeassets/net8.0/e_sqlite3.a".
D | Clean                |          Deleting file "/home/marlon/my-projects/dotNet/solution/games-api.Tests/bin/Debug/net8.0/runtimes/linux-arm/native/libe_sqlite3.so".
D | Clean                |          Deleting file "/home/marlon/my-projects/dotNet/solution/games-api.Tests/bin/Debug/net8.0/runtimes/linux-arm64/native/libe_sqlite3.so".
D | Clean                |          Deleting file "/home/marlon/my-projects/dotNet/solution/games-api.Tests/bin/Debug/net8.0/runtimes/linux-armel/native/libe_sqlite3.so".
D | Clean                |          Deleting file "/home/marlon/my-projects/dotNet/solution/games-api.Tests/bin/Debug/net8.0/runtimes/linux-mips64/native/libe_sqlite3.so".
D | Clean                |          Deleting file "/home/marlon/my-projects/dotNet/solution/games-api.Tests/bin/Debug/net8.0/runtimes/linux-musl-arm/native/libe_sqlite3.so".
D | Clean                |          Deleting file "/home/marlon/my-projects/dotNet/solution/games-api.Tests/bin/Debug/net8.0/runtimes/linux-musl-arm64/native/libe_sqlite3.so".
D | Clean                |          Deleting file "/home/marlon/my-projects/dotNet/solution/games-api.Tests/bin/Debug/net8.0/runtimes/linux-musl-x64/native/libe_sqlite3.so".
D | Clean                |          Deleting file "/home/marlon/my-projects/dotNet/solution/games-api.Tests/bin/Debug/net8.0/runtimes/linux-ppc64le/native/libe_sqlite3.so".
D | Clean                |          Deleting file "/home/marlon/my-projects/dotNet/solution/games-api.Tests/bin/Debug/net8.0/runtimes/linux-s390x/native/libe_sqlite3.so".
D | Clean                |          Deleting file "/home/marlon/my-projects/dotNet/solution/games-api.Tests/bin/Debug/net8.0/runtimes/linux-x64/native/libe_sqlite3.so".
D | Clean                |          Deleting file "/home/marlon/my-projects/dotNet/solution/games-api.Tests/bin/Debug/net8.0/runtimes/linux-x86/native/libe_sqlite3.so".
D | Clean                |          Deleting file "/home/marlon/my-projects/dotNet/solution/games-api.Tests/bin/Debug/net8.0/runtimes/maccatalyst-arm64/native/libe_sqlite3.dylib".
D | Clean                |          Deleting file "/home/marlon/my-projects/dotNet/solution/games-api.Tests/bin/Debug/net8.0/runtimes/maccatalyst-x64/native/libe_sqlite3.dylib".
D | Clean                |          Deleting file "/home/marlon/my-projects/dotNet/solution/games-api.Tests/bin/Debug/net8.0/runtimes/osx-arm64/native/libe_sqlite3.dylib".
D | Clean                |          Deleting file "/home/marlon/my-projects/dotNet/solution/games-api.Tests/bin/Debug/net8.0/runtimes/osx-x64/native/libe_sqlite3.dylib".
D | Clean                |          Deleting file "/home/marlon/my-projects/dotNet/solution/games-api.Tests/bin/Debug/net8.0/runtimes/win-arm/native/e_sqlite3.dll".
D | Clean                |          Deleting file "/home/marlon/my-projects/dotNet/solution/games-api.Tests/bin/Debug/net8.0/runtimes/win-arm64/native/e_sqlite3.dll".
D | Clean                |          Deleting file "/home/marlon/my-projects/dotNet/solution/games-api.Tests/bin/Debug/net8.0/runtimes/win-x64/native/e_sqlite3.dll".
D | Clean                |          Deleting file "/home/marlon/my-projects/dotNet/solution/games-api.Tests/bin/Debug/net8.0/runtimes/win-x86/native/e_sqlite3.dll".
D | Clean                |          Deleting file "/home/marlon/my-projects/dotNet/solution/games-api.Tests/bin/Debug/net8.0/games-api.dll".
D | Clean                |          Deleting file "/home/marlon/my-projects/dotNet/solution/games-api.Tests/bin/Debug/net8.0/games-api.pdb".
D | Clean                |          Deleting file "/home/marlon/my-projects/dotNet/solution/games-api.Tests/obj/Debug/net8.0/games-api.Tests.csproj.AssemblyReference.cache".
D | Clean                |          Deleting file "/home/marlon/my-projects/dotNet/solution/games-api.Tests/obj/Debug/net8.0/games-api.Tests.GeneratedMSBuildEditorConfig.editorconfig".
D | Clean                |          Deleting file "/home/marlon/my-projects/dotNet/solution/games-api.Tests/obj/Debug/net8.0/games-api.Tests.AssemblyInfoInputs.cache".
D | Clean                |          Deleting file "/home/marlon/my-projects/dotNet/solution/games-api.Tests/obj/Debug/net8.0/games-api.Tests.AssemblyInfo.cs".
D | Clean                |          Deleting file "/home/marlon/my-projects/dotNet/solution/games-api.Tests/obj/Debug/net8.0/games-api.Tests.csproj.CoreCompileInputs.cache".
D | Clean                |          Deleting file "/home/marlon/my-projects/dotNet/solution/games-api.Tests/obj/Debug/net8.0/games-api.Tests.csproj.CopyComplete".
D | Clean                |          Deleting file "/home/marlon/my-projects/dotNet/solution/games-api.Tests/obj/Debug/net8.0/games-api.Tests.dll".
D | Clean                |          Deleting file "/home/marlon/my-projects/dotNet/solution/games-api.Tests/obj/Debug/net8.0/refint/games-api.Tests.dll".
D | Clean                |          Deleting file "/home/marlon/my-projects/dotNet/solution/games-api.Tests/obj/Debug/net8.0/games-api.Tests.pdb".
D | Clean                |          Deleting file "/home/marlon/my-projects/dotNet/solution/games-api.Tests/obj/Debug/net8.0/games-api.Tests.genruntimeconfig.cache".
D | Clean                |          Deleting file "/home/marlon/my-projects/dotNet/solution/games-api.Tests/obj/Debug/net8.0/ref/games-api.Tests.dll".
D | Clean                |      1>Project "/home/marlon/my-projects/dotNet/solution/GamesApiProject.sln" (1) is building "/home/marlon/my-projects/dotNet/solution/games-api/games-api.csproj" (3) on node 2 (Clean target(s)).
D | Clean                |      3>CoreClean:
D | Clean                |          Deleting file "/home/marlon/my-projects/dotNet/solution/games-api/bin/Debug/net8.0/appsettings.Development.json".
D | Clean                |          Deleting file "/home/marlon/my-projects/dotNet/solution/games-api/bin/Debug/net8.0/appsettings.json".
D | Clean                |          Deleting file "/home/marlon/my-projects/dotNet/solution/games-api/bin/Debug/net8.0/publish/web.config".
D | Clean                |          Deleting file "/home/marlon/my-projects/dotNet/solution/games-api/bin/Debug/net8.0/publish/appsettings.Development.json".
D | Clean                |          Deleting file "/home/marlon/my-projects/dotNet/solution/games-api/bin/Debug/net8.0/publish/appsettings.json".
D | Clean                |          Deleting file "/home/marlon/my-projects/dotNet/solution/games-api/bin/Debug/net8.0/publish/games-api.deps.json".
D | Clean                |          Deleting file "/home/marlon/my-projects/dotNet/solution/games-api/bin/Debug/net8.0/publish/games-api.runtimeconfig.json".
D | Clean                |          Deleting file "/home/marlon/my-projects/dotNet/solution/games-api/bin/Debug/net8.0/games-api".
D | Clean                |          Deleting file "/home/marlon/my-projects/dotNet/solution/games-api/bin/Debug/net8.0/games-api.deps.json".
D | Clean                |          Deleting file "/home/marlon/my-projects/dotNet/solution/games-api/bin/Debug/net8.0/games-api.runtimeconfig.json".
D | Clean                |          Deleting file "/home/marlon/my-projects/dotNet/solution/games-api/bin/Debug/net8.0/games-api.dll".
D | Clean                |          Deleting file "/home/marlon/my-projects/dotNet/solution/games-api/bin/Debug/net8.0/games-api.pdb".
D | Clean                |          Deleting file "/home/marlon/my-projects/dotNet/solution/games-api/bin/Debug/net8.0/Aspire.Npgsql.EntityFrameworkCore.PostgreSQL.dll".
D | Clean                |          Deleting file "/home/marlon/my-projects/dotNet/solution/games-api/bin/Debug/net8.0/BCrypt.Net-Next.dll".
D | Clean                |          Deleting file "/home/marlon/my-projects/dotNet/solution/games-api/bin/Debug/net8.0/Humanizer.dll".
D | Clean                |          Deleting file "/home/marlon/my-projects/dotNet/solution/games-api/bin/Debug/net8.0/Microsoft.AspNetCore.Authentication.JwtBearer.dll".
D | Clean                |          Deleting file "/home/marlon/my-projects/dotNet/solution/games-api/bin/Debug/net8.0/Microsoft.AspNetCore.OpenApi.dll".
D | Clean                |          Deleting file "/home/marlon/my-projects/dotNet/solution/games-api/bin/Debug/net8.0/Microsoft.Bcl.AsyncInterfaces.dll".
D | Clean                |          Deleting file "/home/marlon/my-projects/dotNet/solution/games-api/bin/Debug/net8.0/Microsoft.CodeAnalysis.dll".
D | Clean                |          Deleting file "/home/marlon/my-projects/dotNet/solution/games-api/bin/Debug/net8.0/Microsoft.CodeAnalysis.CSharp.dll".
D | Clean                |          Deleting file "/home/marlon/my-projects/dotNet/solution/games-api/bin/Debug/net8.0/Microsoft.CodeAnalysis.CSharp.Workspaces.dll".
D | Clean                |          Deleting file "/home/marlon/my-projects/dotNet/solution/games-api/bin/Debug/net8.0/Microsoft.CodeAnalysis.Workspaces.dll".
D | Clean                |          Deleting file "/home/marlon/my-projects/dotNet/solution/games-api/bin/Debug/net8.0/Microsoft.EntityFrameworkCore.dll".
D | Clean                |          Deleting file "/home/marlon/my-projects/dotNet/solution/games-api/bin/Debug/net8.0/Microsoft.EntityFrameworkCore.Abstractions.dll".
D | Clean                |          Deleting file "/home/marlon/my-projects/dotNet/solution/games-api/bin/Debug/net8.0/Microsoft.EntityFrameworkCore.Design.dll".
D | Clean                |          Deleting file "/home/marlon/my-projects/dotNet/solution/games-api/bin/Debug/net8.0/Microsoft.EntityFrameworkCore.Relational.dll".
D | Clean                |          Deleting file "/home/marlon/my-projects/dotNet/solution/games-api/bin/Debug/net8.0/Microsoft.Extensions.Configuration.Binder.dll".
D | Clean                |          Deleting file "/home/marlon/my-projects/dotNet/solution/games-api/bin/Debug/net8.0/Microsoft.Extensions.DependencyInjection.Abstractions.dll".
D | Clean                |          Deleting file "/home/marlon/my-projects/dotNet/solution/games-api/bin/Debug/net8.0/Microsoft.Extensions.DependencyModel.dll".
D | Clean                |          Deleting file "/home/marlon/my-projects/dotNet/solution/games-api/bin/Debug/net8.0/Microsoft.Extensions.Diagnostics.HealthChecks.dll".
D | Clean                |          Deleting file "/home/marlon/my-projects/dotNet/solution/games-api/bin/Debug/net8.0/Microsoft.Extensions.Diagnostics.HealthChecks.Abstractions.dll".
D | Clean                |          Deleting file "/home/marlon/my-projects/dotNet/solution/games-api/bin/Debug/net8.0/Microsoft.Extensions.Diagnostics.HealthChecks.EntityFrameworkCore.dll".
D | Clean                |          Deleting file "/home/marlon/my-projects/dotNet/solution/games-api/bin/Debug/net8.0/Microsoft.Extensions.Logging.Abstractions.dll".
D | Clean                |          Deleting file "/home/marlon/my-projects/dotNet/solution/games-api/bin/Debug/net8.0/Microsoft.Extensions.Options.dll".
D | Clean                |          Deleting file "/home/marlon/my-projects/dotNet/solution/games-api/bin/Debug/net8.0/Microsoft.IdentityModel.Abstractions.dll".
D | Clean                |          Deleting file "/home/marlon/my-projects/dotNet/solution/games-api/bin/Debug/net8.0/Microsoft.IdentityModel.JsonWebTokens.dll".
D | Clean                |          Deleting file "/home/marlon/my-projects/dotNet/solution/games-api/bin/Debug/net8.0/Microsoft.IdentityModel.Logging.dll".
D | Clean                |          Deleting file "/home/marlon/my-projects/dotNet/solution/games-api/bin/Debug/net8.0/Microsoft.IdentityModel.Protocols.dll".
D | Clean                |          Deleting file "/home/marlon/my-projects/dotNet/solution/games-api/bin/Debug/net8.0/Microsoft.IdentityModel.Protocols.OpenIdConnect.dll".
D | Clean                |          Deleting file "/home/marlon/my-projects/dotNet/solution/games-api/bin/Debug/net8.0/Microsoft.IdentityModel.Tokens.dll".
D | Clean                |          Deleting file "/home/marlon/my-projects/dotNet/solution/games-api/bin/Debug/net8.0/Microsoft.OpenApi.dll".
D | Clean                |          Deleting file "/home/marlon/my-projects/dotNet/solution/games-api/bin/Debug/net8.0/Mono.TextTemplating.dll".
D | Clean                |          Deleting file "/home/marlon/my-projects/dotNet/solution/games-api/bin/Debug/net8.0/Npgsql.dll".
D | Clean                |          Deleting file "/home/marlon/my-projects/dotNet/solution/games-api/bin/Debug/net8.0/Npgsql.DependencyInjection.dll".
D | Clean                |          Deleting file "/home/marlon/my-projects/dotNet/solution/games-api/bin/Debug/net8.0/Npgsql.EntityFrameworkCore.PostgreSQL.dll".
D | Clean                |          Deleting file "/home/marlon/my-projects/dotNet/solution/games-api/bin/Debug/net8.0/Npgsql.OpenTelemetry.dll".
D | Clean                |          Deleting file "/home/marlon/my-projects/dotNet/solution/games-api/bin/Debug/net8.0/OpenTelemetry.dll".
D | Clean                |          Deleting file "/home/marlon/my-projects/dotNet/solution/games-api/bin/Debug/net8.0/OpenTelemetry.Api.dll".
D | Clean                |          Deleting file "/home/marlon/my-projects/dotNet/solution/games-api/bin/Debug/net8.0/OpenTelemetry.Api.ProviderBuilderExtensions.dll".
D | Clean                |          Deleting file "/home/marlon/my-projects/dotNet/solution/games-api/bin/Debug/net8.0/OpenTelemetry.Extensions.Hosting.dll".
D | Clean                |          Deleting file "/home/marlon/my-projects/dotNet/solution/games-api/bin/Debug/net8.0/Swashbuckle.AspNetCore.Swagger.dll".
D | Clean                |          Deleting file "/home/marlon/my-projects/dotNet/solution/games-api/bin/Debug/net8.0/Swashbuckle.AspNetCore.SwaggerGen.dll".
D | Clean                |          Deleting file "/home/marlon/my-projects/dotNet/solution/games-api/bin/Debug/net8.0/Swashbuckle.AspNetCore.SwaggerUI.dll".
D | Clean                |          Deleting file "/home/marlon/my-projects/dotNet/solution/games-api/bin/Debug/net8.0/System.CodeDom.dll".
D | Clean                |          Deleting file "/home/marlon/my-projects/dotNet/solution/games-api/bin/Debug/net8.0/System.Composition.AttributedModel.dll".
D | Clean                |          Deleting file "/home/marlon/my-projects/dotNet/solution/games-api/bin/Debug/net8.0/System.Composition.Convention.dll".
D | Clean                |          Deleting file "/home/marlon/my-projects/dotNet/solution/games-api/bin/Debug/net8.0/System.Composition.Hosting.dll".
D | Clean                |          Deleting file "/home/marlon/my-projects/dotNet/solution/games-api/bin/Debug/net8.0/System.Composition.Runtime.dll".
D | Clean                |          Deleting file "/home/marlon/my-projects/dotNet/solution/games-api/bin/Debug/net8.0/System.Composition.TypedParts.dll".
D | Clean                |          Deleting file "/home/marlon/my-projects/dotNet/solution/games-api/bin/Debug/net8.0/System.IdentityModel.Tokens.Jwt.dll".
D | Clean                |          Deleting file "/home/marlon/my-projects/dotNet/solution/games-api/bin/Debug/net8.0/cs/Microsoft.CodeAnalysis.resources.dll".
D | Clean                |          Deleting file "/home/marlon/my-projects/dotNet/solution/games-api/bin/Debug/net8.0/de/Microsoft.CodeAnalysis.resources.dll".
D | Clean                |          Deleting file "/home/marlon/my-projects/dotNet/solution/games-api/bin/Debug/net8.0/es/Microsoft.CodeAnalysis.resources.dll".
D | Clean                |          Deleting file "/home/marlon/my-projects/dotNet/solution/games-api/bin/Debug/net8.0/fr/Microsoft.CodeAnalysis.resources.dll".
D | Clean                |          Deleting file "/home/marlon/my-projects/dotNet/solution/games-api/bin/Debug/net8.0/it/Microsoft.CodeAnalysis.resources.dll".
D | Clean                |          Deleting file "/home/marlon/my-projects/dotNet/solution/games-api/bin/Debug/net8.0/ja/Microsoft.CodeAnalysis.resources.dll".
D | Clean                |          Deleting file "/home/marlon/my-projects/dotNet/solution/games-api/bin/Debug/net8.0/ko/Microsoft.CodeAnalysis.resources.dll".
D | Clean                |          Deleting file "/home/marlon/my-projects/dotNet/solution/games-api/bin/Debug/net8.0/pl/Microsoft.CodeAnalysis.resources.dll".
D | Clean                |          Deleting file "/home/marlon/my-projects/dotNet/solution/games-api/bin/Debug/net8.0/pt-BR/Microsoft.CodeAnalysis.resources.dll".
D | Clean                |          Deleting file "/home/marlon/my-projects/dotNet/solution/games-api/bin/Debug/net8.0/ru/Microsoft.CodeAnalysis.resources.dll".
D | Clean                |          Deleting file "/home/marlon/my-projects/dotNet/solution/games-api/bin/Debug/net8.0/tr/Microsoft.CodeAnalysis.resources.dll".
D | Clean                |          Deleting file "/home/marlon/my-projects/dotNet/solution/games-api/bin/Debug/net8.0/zh-Hans/Microsoft.CodeAnalysis.resources.dll".
D | Clean                |          Deleting file "/home/marlon/my-projects/dotNet/solution/games-api/bin/Debug/net8.0/zh-Hant/Microsoft.CodeAnalysis.resources.dll".
D | Clean                |          Deleting file "/home/marlon/my-projects/dotNet/solution/games-api/bin/Debug/net8.0/cs/Microsoft.CodeAnalysis.CSharp.resources.dll".
D | Clean                |          Deleting file "/home/marlon/my-projects/dotNet/solution/games-api/bin/Debug/net8.0/de/Microsoft.CodeAnalysis.CSharp.resources.dll".
D | Clean                |          Deleting file "/home/marlon/my-projects/dotNet/solution/games-api/bin/Debug/net8.0/es/Microsoft.CodeAnalysis.CSharp.resources.dll".
D | Clean                |          Deleting file "/home/marlon/my-projects/dotNet/solution/games-api/bin/Debug/net8.0/fr/Microsoft.CodeAnalysis.CSharp.resources.dll".
D | Clean                |          Deleting file "/home/marlon/my-projects/dotNet/solution/games-api/bin/Debug/net8.0/it/Microsoft.CodeAnalysis.CSharp.resources.dll".
D | Clean                |          Deleting file "/home/marlon/my-projects/dotNet/solution/games-api/bin/Debug/net8.0/ja/Microsoft.CodeAnalysis.CSharp.resources.dll".
D | Clean                |          Deleting file "/home/marlon/my-projects/dotNet/solution/games-api/bin/Debug/net8.0/ko/Microsoft.CodeAnalysis.CSharp.resources.dll".
D | Clean                |          Deleting file "/home/marlon/my-projects/dotNet/solution/games-api/bin/Debug/net8.0/pl/Microsoft.CodeAnalysis.CSharp.resources.dll".
D | Clean                |          Deleting file "/home/marlon/my-projects/dotNet/solution/games-api/bin/Debug/net8.0/pt-BR/Microsoft.CodeAnalysis.CSharp.resources.dll".
D | Clean                |          Deleting file "/home/marlon/my-projects/dotNet/solution/games-api/bin/Debug/net8.0/ru/Microsoft.CodeAnalysis.CSharp.resources.dll".
D | Clean                |          Deleting file "/home/marlon/my-projects/dotNet/solution/games-api/bin/Debug/net8.0/tr/Microsoft.CodeAnalysis.CSharp.resources.dll".
D | Clean                |          Deleting file "/home/marlon/my-projects/dotNet/solution/games-api/bin/Debug/net8.0/zh-Hans/Microsoft.CodeAnalysis.CSharp.resources.dll".
D | Clean                |          Deleting file "/home/marlon/my-projects/dotNet/solution/games-api/bin/Debug/net8.0/zh-Hant/Microsoft.CodeAnalysis.CSharp.resources.dll".
D | Clean                |          Deleting file "/home/marlon/my-projects/dotNet/solution/games-api/bin/Debug/net8.0/cs/Microsoft.CodeAnalysis.CSharp.Workspaces.resources.dll".
D | Clean                |          Deleting file "/home/marlon/my-projects/dotNet/solution/games-api/bin/Debug/net8.0/de/Microsoft.CodeAnalysis.CSharp.Workspaces.resources.dll".
D | Clean                |          Deleting file "/home/marlon/my-projects/dotNet/solution/games-api/bin/Debug/net8.0/es/Microsoft.CodeAnalysis.CSharp.Workspaces.resources.dll".
D | Clean                |          Deleting file "/home/marlon/my-projects/dotNet/solution/games-api/bin/Debug/net8.0/fr/Microsoft.CodeAnalysis.CSharp.Workspaces.resources.dll".
D | Clean                |          Deleting file "/home/marlon/my-projects/dotNet/solution/games-api/bin/Debug/net8.0/it/Microsoft.CodeAnalysis.CSharp.Workspaces.resources.dll".
D | Clean                |          Deleting file "/home/marlon/my-projects/dotNet/solution/games-api/bin/Debug/net8.0/ja/Microsoft.CodeAnalysis.CSharp.Workspaces.resources.dll".
D | Clean                |          Deleting file "/home/marlon/my-projects/dotNet/solution/games-api/bin/Debug/net8.0/ko/Microsoft.CodeAnalysis.CSharp.Workspaces.resources.dll".
D | Clean                |          Deleting file "/home/marlon/my-projects/dotNet/solution/games-api/bin/Debug/net8.0/pl/Microsoft.CodeAnalysis.CSharp.Workspaces.resources.dll".
D | Clean                |          Deleting file "/home/marlon/my-projects/dotNet/solution/games-api/bin/Debug/net8.0/pt-BR/Microsoft.CodeAnalysis.CSharp.Workspaces.resources.dll".
D | Clean                |          Deleting file "/home/marlon/my-projects/dotNet/solution/games-api/bin/Debug/net8.0/ru/Microsoft.CodeAnalysis.CSharp.Workspaces.resources.dll".
D | Clean                |          Deleting file "/home/marlon/my-projects/dotNet/solution/games-api/bin/Debug/net8.0/tr/Microsoft.CodeAnalysis.CSharp.Workspaces.resources.dll".
D | Clean                |          Deleting file "/home/marlon/my-projects/dotNet/solution/games-api/bin/Debug/net8.0/zh-Hans/Microsoft.CodeAnalysis.CSharp.Workspaces.resources.dll".
D | Clean                |          Deleting file "/home/marlon/my-projects/dotNet/solution/games-api/bin/Debug/net8.0/zh-Hant/Microsoft.CodeAnalysis.CSharp.Workspaces.resources.dll".
D | Clean                |          Deleting file "/home/marlon/my-projects/dotNet/solution/games-api/bin/Debug/net8.0/cs/Microsoft.CodeAnalysis.Workspaces.resources.dll".
D | Clean                |          Deleting file "/home/marlon/my-projects/dotNet/solution/games-api/bin/Debug/net8.0/de/Microsoft.CodeAnalysis.Workspaces.resources.dll".
D | Clean                |          Deleting file "/home/marlon/my-projects/dotNet/solution/games-api/bin/Debug/net8.0/es/Microsoft.CodeAnalysis.Workspaces.resources.dll".
D | Clean                |          Deleting file "/home/marlon/my-projects/dotNet/solution/games-api/bin/Debug/net8.0/fr/Microsoft.CodeAnalysis.Workspaces.resources.dll".
D | Clean                |          Deleting file "/home/marlon/my-projects/dotNet/solution/games-api/bin/Debug/net8.0/it/Microsoft.CodeAnalysis.Workspaces.resources.dll".
D | Clean                |          Deleting file "/home/marlon/my-projects/dotNet/solution/games-api/bin/Debug/net8.0/ja/Microsoft.CodeAnalysis.Workspaces.resources.dll".
D | Clean                |          Deleting file "/home/marlon/my-projects/dotNet/solution/games-api/bin/Debug/net8.0/ko/Microsoft.CodeAnalysis.Workspaces.resources.dll".
D | Clean                |          Deleting file "/home/marlon/my-projects/dotNet/solution/games-api/bin/Debug/net8.0/pl/Microsoft.CodeAnalysis.Workspaces.resources.dll".
D | Clean                |          Deleting file "/home/marlon/my-projects/dotNet/solution/games-api/bin/Debug/net8.0/pt-BR/Microsoft.CodeAnalysis.Workspaces.resources.dll".
D | Clean                |          Deleting file "/home/marlon/my-projects/dotNet/solution/games-api/bin/Debug/net8.0/ru/Microsoft.CodeAnalysis.Workspaces.resources.dll".
D | Clean                |          Deleting file "/home/marlon/my-projects/dotNet/solution/games-api/bin/Debug/net8.0/tr/Microsoft.CodeAnalysis.Workspaces.resources.dll".
D | Clean                |          Deleting file "/home/marlon/my-projects/dotNet/solution/games-api/bin/Debug/net8.0/zh-Hans/Microsoft.CodeAnalysis.Workspaces.resources.dll".
D | Clean                |          Deleting file "/home/marlon/my-projects/dotNet/solution/games-api/bin/Debug/net8.0/zh-Hant/Microsoft.CodeAnalysis.Workspaces.resources.dll".
D | Clean                |          Deleting file "/home/marlon/my-projects/dotNet/solution/games-api/obj/Debug/net8.0/games-api.csproj.AssemblyReference.cache".
D | Clean                |          Deleting file "/home/marlon/my-projects/dotNet/solution/games-api/obj/Debug/net8.0/games-api.GeneratedMSBuildEditorConfig.editorconfig".
D | Clean                |          Deleting file "/home/marlon/my-projects/dotNet/solution/games-api/obj/Debug/net8.0/games-api.AssemblyInfoInputs.cache".
D | Clean                |          Deleting file "/home/marlon/my-projects/dotNet/solution/games-api/obj/Debug/net8.0/games-api.AssemblyInfo.cs".
D | Clean                |          Deleting file "/home/marlon/my-projects/dotNet/solution/games-api/obj/Debug/net8.0/games-api.csproj.CoreCompileInputs.cache".
D | Clean                |          Deleting file "/home/marlon/my-projects/dotNet/solution/games-api/obj/Debug/net8.0/games-api.MvcApplicationPartsAssemblyInfo.cs".
D | Clean                |          Deleting file "/home/marlon/my-projects/dotNet/solution/games-api/obj/Debug/net8.0/games-api.MvcApplicationPartsAssemblyInfo.cache".
D | Clean                |          Deleting file "/home/marlon/my-projects/dotNet/solution/games-api/obj/Debug/net8.0/staticwebassets.build.json".
D | Clean                |          Deleting file "/home/marlon/my-projects/dotNet/solution/games-api/obj/Debug/net8.0/staticwebassets/msbuild.build.games-api.props".
D | Clean                |          Deleting file "/home/marlon/my-projects/dotNet/solution/games-api/obj/Debug/net8.0/staticwebassets/msbuild.buildMultiTargeting.games-api.props".
D | Clean                |          Deleting file "/home/marlon/my-projects/dotNet/solution/games-api/obj/Debug/net8.0/staticwebassets/msbuild.buildTransitive.games-api.props".
D | Clean                |          Deleting file "/home/marlon/my-projects/dotNet/solution/games-api/obj/Debug/net8.0/games-api.csproj.CopyComplete".
D | Clean                |          Deleting file "/home/marlon/my-projects/dotNet/solution/games-api/obj/Debug/net8.0/games-api.dll".
D | Clean                |          Deleting file "/home/marlon/my-projects/dotNet/solution/games-api/obj/Debug/net8.0/refint/games-api.dll".
D | Clean                |          Deleting file "/home/marlon/my-projects/dotNet/solution/games-api/obj/Debug/net8.0/games-api.pdb".
D | Clean                |          Deleting file "/home/marlon/my-projects/dotNet/solution/games-api/obj/Debug/net8.0/games-api.genruntimeconfig.cache".
D | Clean                |          Deleting file "/home/marlon/my-projects/dotNet/solution/games-api/obj/Debug/net8.0/ref/games-api.dll".
D | Clean                |      3>Done Building Project "/home/marlon/my-projects/dotNet/solution/games-api/games-api.csproj" (Clean target(s)).
D | Clean                |      2>Done Building Project "/home/marlon/my-projects/dotNet/solution/games-api.Tests/games-api.Tests.csproj" (Clean target(s)).
D | Clean                |      1>Done Building Project "/home/marlon/my-projects/dotNet/solution/GamesApiProject.sln" (Clean target(s)).
D | Clean                | 
D | Clean                | Build succeeded.
D | Clean                |     0 Warning(s)
D | Clean                |     0 Error(s)
D | Clean                | 
D | Clean                | Time Elapsed 00:00:01.34
V | Clean                | Telemetry.OnTargetSucceeded (0)
V | Clean                | EventInvoker.OnTargetSucceeded (-3.4028235E+38)
V | Restore              | EventInvoker.OnTargetRunning (-3.4028235E+38)
I | Restore              | > /usr/bin/dotnet restore /home/marlon/my-projects/dotNet/solution/GamesApiProject.sln
V | Restore              | @ /home/marlon/my-projects/dotNet/solution
D | Restore              |   Determining projects to restore...
D | Restore              |   All projects are up-to-date for restore.
V | Restore              | Telemetry.OnTargetSucceeded (0)
V | Restore              | Sending TargetSucceeded telemetry event ...
V | Restore              |   build_components         = 
V | Restore              |   build_type               = Project
V | Restore              |   compile_time             = 10
V | Restore              |   config_generators        = 
V | Restore              |   host                     = VSCode
V | Restore              |   num_custom_components    = 0
V | Restore              |   num_custom_extensions    = 0
V | Restore              |   num_partitioned_targets  = 0
V | Restore              |   num_secrets              = 0
V | Restore              |   num_targets              = 4
V | Restore              |   os_architecture          = X64
V | Restore              |   os_platform              = Linux
V | Restore              |   target_current_partition = 1
V | Restore              |   target_duration          = 1
V | Restore              |   target_framework         = .NETCoreApp,Version=v8.0
V | Restore              |   target_name              = Restore
V | Restore              |   target_total_partitions  = 1
V | Restore              |   version_dotnet_sdk       = 8.0.108
V | Restore              |   version_nuke_common      = 8.1.0
V | Restore              |   version_nuke_global_tool = 8.1.0
V | Restore              | EventInvoker.OnTargetSucceeded (-3.4028235E+38)
V | RunApi               | EventInvoker.OnTargetRunning (-3.4028235E+38)
I | RunApi               | > /usr/bin/dotnet run --project /home/marlon/my-projects/dotNet/solution/games-api/games-api.csproj
V | RunApi               | @ /home/marlon/my-projects/dotNet/solution
D | RunApi               | Building...
D | RunApi               | info: Microsoft.Hosting.Lifetime[14]
D | RunApi               |       Now listening on: http://localhost:5202
D | RunApi               | info: Microsoft.Hosting.Lifetime[0]
D | RunApi               |       Application started. Press Ctrl+C to shut down.
D | RunApi               | info: Microsoft.Hosting.Lifetime[0]
D | RunApi               |       Hosting environment: Development
D | RunApi               | info: Microsoft.Hosting.Lifetime[0]
D | RunApi               |       Content root path: /home/marlon/my-projects/dotNet/solution/games-api
